<?xml version="1.0" encoding="UTF-8"?>
<!-- Generated by org.testng.reporters.JUnitXMLReporter -->
<testsuite ignored="1" hostname="DESKTOP-4KNVIJL" failures="0" tests="2" name="Test" time="19.79" errors="0" timestamp="2025-02-21T16:22:43 IST">
  <testcase classname="com.mystore.testcases.TC_MyAccountPageTestDataDriven" name="VerifyLogin" time="4.378"/>
  <testcase classname="com.mystore.testcases.TC_MyAccountPageTestDataDriven" name="VerifyLogin" time="4.239"/>
  <testcase classname="com.mystore.testcases.TC_MyAccountPageTestDataDriven" name="verifyRegistrationAndLogin" time="0.0">
    <ignored/>
  </testcase> <!-- verifyRegistrationAndLogin -->
</testsuite> <!-- Test -->
