<?xml version="1.0" encoding="UTF-8"?>
<testsuite xmlns:xsi="http://www.w3.org/2001/XMLSchema-instance" xsi:noNamespaceSchemaLocation="https://maven.apache.org/surefire/maven-surefire-plugin/xsd/surefire-test-report-3.0.xsd" version="3.0" name="TestSuite" time="43.226" tests="1" errors="0" skipped="0" failures="1">
  <properties>
[...]
</properties>
  <testcase name="VerifyBuyProduct" classname="com.mystore.testcases.TC_ProductPageTest" time="22.83">
    <failure message="expected [true] but found [false]" type="java.lang.AssertionError"><![CDATA[java.lang.AssertionError: expected [true] but found [false]
	at org.testng.Assert.fail(Assert.java:99)
	at org.testng.Assert.failNotEquals(Assert.java:1037)
	at org.testng.Assert.assertTrue(Assert.java:45)
	at org.testng.Assert.assertTrue(Assert.java:55)
	at com.mystore.testcases.TC_ProductPageTest.VerifyBuyProduct(TC_ProductPageTest.java:187)
	at java.base/jdk.internal.reflect.DirectMethodHandleAccessor.invoke(DirectMethodHandleAccessor.java:103)
	at java.base/java.lang.reflect.Method.invoke(Method.java:580)
	at org.testng.internal.MethodInvocationHelper.invokeMethod(MethodInvocationHelper.java:133)
	at org.testng.internal.TestInvoker.invokeMethod(TestInvoker.java:598)
	at org.testng.internal.TestInvoker.invokeTestMethod(TestInvoker.java:173)
	at org.testng.internal.MethodRunner.runInSequence(MethodRunner.java:46)
	at org.testng.internal.TestInvoker$MethodInvocationAgent.invoke(TestInvoker.java:824)
	at org.testng.internal.TestInvoker.invokeTestMethods(TestInvoker.java:146)
	at org.testng.internal.TestMethodWorker.invokeTestMethods(TestMethodWorker.java:146)
	at org.testng.internal.TestMethodWorker.run(TestMethodWorker.java:128)
	at java.base/java.util.ArrayList.forEach(ArrayList.java:1597)
	at org.testng.TestRunner.privateRun(TestRunner.java:794)
	at org.testng.TestRunner.run(TestRunner.java:596)
	at org.testng.SuiteRunner.runTest(SuiteRunner.java:377)
	at org.testng.SuiteRunner.runSequentially(SuiteRunner.java:371)
	at org.testng.SuiteRunner.privateRun(SuiteRunner.java:332)
	at org.testng.SuiteRunner.run(SuiteRunner.java:276)
	at org.testng.SuiteRunnerWorker.runSuite(SuiteRunnerWorker.java:53)
	at org.testng.SuiteRunnerWorker.run(SuiteRunnerWorker.java:96)
	at org.testng.TestNG.runSuitesSequentially(TestNG.java:1212)
	at org.testng.TestNG.runSuitesLocally(TestNG.java:1134)
	at org.testng.TestNG.runSuites(TestNG.java:1063)
	at org.testng.TestNG.run(TestNG.java:1031)
	at org.apache.maven.surefire.testng.TestNGExecutor.run(TestNGExecutor.java:324)
	at org.apache.maven.surefire.testng.TestNGXmlTestSuite.execute(TestNGXmlTestSuite.java:74)
	at org.apache.maven.surefire.testng.TestNGProvider.invoke(TestNGProvider.java:123)
	at org.apache.maven.surefire.booter.ForkedBooter.runSuitesInProcess(ForkedBooter.java:456)
	at org.apache.maven.surefire.booter.ForkedBooter.execute(ForkedBooter.java:169)
	at org.apache.maven.surefire.booter.ForkedBooter.run(ForkedBooter.java:595)
	at org.apache.maven.surefire.booter.ForkedBooter.main(ForkedBooter.java:581)
]]></failure>
    <system-out><![CDATA[On Start method invoked....
[INFO ] 2025-02-25 16:01:37.534 [main] MyStoreV1 - Url Opened
Name of test method started:VerifyBuyProduct
[INFO ] 2025-02-25 16:01:37.558 [main] MyStoreV1 - 
***************TestCase Buy Product started*****************
[INFO ] 2025-02-25 16:01:38.916 [main] MyStoreV1 - User Email and Password entered.
[INFO ] 2025-02-25 16:01:40.099 [main] MyStoreV1 - Sign In link clicked
[INFO ] 2025-02-25 16:01:40.198 [main] MyStoreV1 - T-shirt entered in search box
[INFO ] 2025-02-25 16:01:41.318 [main] MyStoreV1 - clicked on search button
[INFO ] 2025-02-25 16:01:44.121 [main] MyStoreV1 - Clicked on more button
[INFO ] 2025-02-25 16:01:48.317 [main] MyStoreV1 - size M entered
[INFO ] 2025-02-25 16:01:48.607 [main] MyStoreV1 - quantity 2 entereed
[INFO ] 2025-02-25 16:01:50.271 [main] MyStoreV1 - Clicked on proceed to checkout on product page
[INFO ] 2025-02-25 16:01:51.318 [main] MyStoreV1 - Clicked on proceed to checkout on order summary page
[INFO ] 2025-02-25 16:01:51.886 [main] MyStoreV1 - Clicked on proceed to checkout on order address page
[INFO ] 2025-02-25 16:01:52.263 [main] MyStoreV1 - selecged term of service check box
[INFO ] 2025-02-25 16:01:52.823 [main] MyStoreV1 - Clicked on proceed to checkout on order shipping page
[INFO ] 2025-02-25 16:01:53.059 [main] MyStoreV1 - http://www.automationpractice.pl/index.php?controller=order
[INFO ] 2025-02-25 16:01:53.633 [main] MyStoreV1 - Clicked on pay by cheque
[INFO ] 2025-02-25 16:02:00.118 [main] MyStoreV1 - Clicked on confirmed order
[INFO ] 2025-02-25 16:02:00.156 [main] MyStoreV1 - VerifyBuyProduct - Failed
Screenshot saved: C:\Users\AB COM\eclipse-workspace\MyStoreV1//screenshot//VerifyBuyProduct.png
]]></system-out>
    <system-err><![CDATA[SLF4J(W): No SLF4J providers were found.
SLF4J(W): Defaulting to no-operation (NOP) logger implementation
SLF4J(W): See https://www.slf4j.org/codes.html#noProviders for further details.
Feb 25, 2025 4:01:32 PM org.openqa.selenium.devtools.CdpVersionFinder findNearestMatch
WARNING: Unable to find CDP implementation matching 133
Feb 25, 2025 4:01:32 PM org.openqa.selenium.chromium.ChromiumDriver lambda$new$5
WARNING: Unable to find version of CDP to use for 133.0.6943.127. You may need to include a dependency on a specific version of the CDP using something similar to `org.seleniumhq.selenium:selenium-devtools-v86:4.17.0` where the version ("v86") matches the version of the chromium-based browser you're using and the version number of the artifact is the same as Selenium's.
]]></system-err>
  </testcase>
</testsuite>