<?xml version="1.0" encoding="UTF-8"?>
<testng-results ignored="0" total="2" passed="2" failed="0" skipped="0">
  <reporter-output>
  </reporter-output>
  <suite started-at="2025-02-27T15:09:40 IST" name="Suite" finished-at="2025-02-27T15:10:27 IST" duration-ms="46459">
    <groups>
    </groups>
    <test started-at="2025-02-27T15:09:40 IST" name="Test" finished-at="2025-02-27T15:10:27 IST" duration-ms="46459">
      <class name="com.mystore.testcases.TC_ProductPageTest">
        <test-method is-config="true" signature="setUp()[pri:0, instance:com.mystore.testcases.TC_ProductPageTest@1afd44cb]" started-at="2025-02-27T15:09:41 IST" name="setUp" finished-at="2025-02-27T15:09:50 IST" duration-ms="9615" status="PASS">
          <reporter-output>
          </reporter-output>
        </test-method> <!-- setUp -->
        <test-method signature="VerifySearchProduct()[pri:1, instance:com.mystore.testcases.TC_ProductPageTest@1afd44cb]" started-at="2025-02-27T15:09:50 IST" name="VerifySearchProduct" finished-at="2025-02-27T15:09:58 IST" duration-ms="7271" status="PASS">
          <reporter-output>
          </reporter-output>
        </test-method> <!-- VerifySearchProduct -->
        <test-method signature="VerifyBuyProduct()[pri:2, instance:com.mystore.testcases.TC_ProductPageTest@1afd44cb]" started-at="2025-02-27T15:09:58 IST" name="VerifyBuyProduct" finished-at="2025-02-27T15:10:26 IST" duration-ms="28745" status="PASS">
          <reporter-output>
          </reporter-output>
        </test-method> <!-- VerifyBuyProduct -->
        <test-method is-config="true" signature="tearDown()[pri:0, instance:com.mystore.testcases.TC_ProductPageTest@1afd44cb]" started-at="2025-02-27T15:10:26 IST" name="tearDown" finished-at="2025-02-27T15:10:27 IST" duration-ms="356" status="PASS">
          <reporter-output>
          </reporter-output>
        </test-method> <!-- tearDown -->
      </class> <!-- com.mystore.testcases.TC_ProductPageTest -->
    </test> <!-- Test -->
  </suite> <!-- Suite -->
</testng-results>
