<?xml version="1.0" encoding="UTF-8"?>
<testsuite xmlns:xsi="http://www.w3.org/2001/XMLSchema-instance" xsi:noNamespaceSchemaLocation="https://maven.apache.org/surefire/maven-surefire-plugin/xsd/surefire-test-report-3.0.xsd" version="3.0" name="TestSuite" time="47.61" tests="2" errors="0" skipped="0" failures="0">
  <properties>
[...]
</properties>
  <testcase name="VerifySearchProduct" classname="com.mystore.testcases.TC_ProductPageTest" time="7.274">
    <system-out><![CDATA[On Start method invoked....
[INFO ] 2025-02-27 15:09:50.897 [main] MyStoreV1 - Url Opened
Name of test method started:VerifySearchProduct
[INFO ] 2025-02-27 15:09:50.939 [main] MyStoreV1 - 
***************TestCase Search Product started*****************
[INFO ] 2025-02-27 15:09:53.729 [main] MyStoreV1 - User Email and Password entered.
[INFO ] 2025-02-27 15:09:55.170 [main] MyStoreV1 - Sign In link clicked
[INFO ] 2025-02-27 15:09:56.668 [main] MyStoreV1 - Search Product testcase - Passed
[INFO ] 2025-02-27 15:09:58.202 [main] MyStoreV1 - ***************TestCase Search Product ends*****************
]]></system-out>
    <system-err><![CDATA[SLF4J(W): No SLF4J providers were found.
SLF4J(W): Defaulting to no-operation (NOP) logger implementation
SLF4J(W): See https://www.slf4j.org/codes.html#noProviders for further details.
Feb 27, 2025 3:09:44 PM org.openqa.selenium.devtools.CdpVersionFinder findNearestMatch
WARNING: Unable to find CDP implementation matching 133
Feb 27, 2025 3:09:44 PM org.openqa.selenium.chromium.ChromiumDriver lambda$new$5
WARNING: Unable to find version of CDP to use for 133.0.6943.127. You may need to include a dependency on a specific version of the CDP using something similar to `org.seleniumhq.selenium:selenium-devtools-v86:4.17.0` where the version ("v86") matches the version of the chromium-based browser you're using and the version number of the artifact is the same as Selenium's.
]]></system-err>
  </testcase>
  <testcase name="VerifyBuyProduct" classname="com.mystore.testcases.TC_ProductPageTest" time="28.746">
    <system-out><![CDATA[Name of test method sucessfully executed:VerifySearchProduct
Name of test method started:VerifyBuyProduct
[INFO ] 2025-02-27 15:09:58.249 [main] MyStoreV1 - 
***************TestCase Buy Product started*****************
[INFO ] 2025-02-27 15:09:59.551 [main] MyStoreV1 - User Email and Password entered.
[INFO ] 2025-02-27 15:10:01.892 [main] MyStoreV1 - Sign In link clicked
[INFO ] 2025-02-27 15:10:02.066 [main] MyStoreV1 - T-shirt entered in search box
[INFO ] 2025-02-27 15:10:03.243 [main] MyStoreV1 - clicked on search button
[INFO ] 2025-02-27 15:10:06.300 [main] MyStoreV1 - Clicked on more button
[INFO ] 2025-02-27 15:10:10.584 [main] MyStoreV1 - size M entered
[INFO ] 2025-02-27 15:10:10.929 [main] MyStoreV1 - quantity 2 entereed
[INFO ] 2025-02-27 15:10:12.695 [main] MyStoreV1 - Clicked on proceed to checkout on product page
[INFO ] 2025-02-27 15:10:14.212 [main] MyStoreV1 - Clicked on proceed to checkout on order summary page
[INFO ] 2025-02-27 15:10:15.613 [main] MyStoreV1 - Clicked on proceed to checkout on order address page
[INFO ] 2025-02-27 15:10:15.914 [main] MyStoreV1 - selecged term of service check box
[INFO ] 2025-02-27 15:10:17.024 [main] MyStoreV1 - Clicked on proceed to checkout on order shipping page
[INFO ] 2025-02-27 15:10:17.056 [main] MyStoreV1 - http://www.automationpractice.pl/index.php?controller=order
[INFO ] 2025-02-27 15:10:18.147 [main] MyStoreV1 - Clicked on pay by cheque
[INFO ] 2025-02-27 15:10:25.146 [main] MyStoreV1 - Clicked on confirmed order
[INFO ] 2025-02-27 15:10:25.191 [main] MyStoreV1 - VerifyBuyProduct - Passed
[INFO ] 2025-02-27 15:10:26.992 [main] MyStoreV1 - ***************TestCase BuyProduct ends*****************
]]></system-out>
  </testcase>
</testsuite>